<?xml version="1.0" encoding="UTF-8"?>
<!-- Generated by org.testng.reporters.JUnitReportReporter -->
<testsuite hostname="NC2LW11NK3" failures="0" tests="5" name="testCases.TC_003_LoginDDT" time="37.780" errors="0" timestamp="2025-01-04T15:50:21 IST" skipped="0">
  <testcase classname="testCases.TC_003_LoginDDT" name="verify_loginDDT" time="11.321"/>
  <testcase classname="testCases.TC_003_LoginDDT" name="verify_loginDDT" time="1.995"/>
  <testcase classname="testCases.TC_003_LoginDDT" name="verify_loginDDT" time="1.894"/>
  <testcase classname="testCases.TC_003_LoginDDT" name="verify_loginDDT" time="11.285"/>
  <testcase classname="testCases.TC_003_LoginDDT" name="verify_loginDDT" time="11.285"/>
</testsuite> <!-- testCases.TC_003_LoginDDT -->
