<?xml version="1.0" encoding="UTF-8"?>
<!-- Generated by org.testng.reporters.JUnitReportReporter -->
<testsuite hostname="NC2LW11NK3" failures="0" tests="1" name="testCases.TC_002_LoginTest" time="2.441" errors="0" timestamp="2025-01-06T20:48:12 IST" skipped="0">
  <testcase classname="testCases.TC_002_LoginTest" name="verify_login" time="2.441"/>
</testsuite> <!-- testCases.TC_002_LoginTest -->
