<?xml version="1.0" encoding="UTF-8"?>
<!-- Generated by org.testng.reporters.JUnitReportReporter -->
<testsuite hostname="NC2LW11NK3" failures="0" tests="1" name="testCases.TC_004_Wishlist" time="2.512" errors="0" timestamp="2025-01-06T09:48:26 IST" skipped="0">
  <testcase classname="testCases.TC_004_Wishlist" name="verify_login" time="2.512"/>
</testsuite> <!-- testCases.TC_004_Wishlist -->
