<?xml version="1.0" encoding="UTF-8"?>
<!-- Generated by org.testng.reporters.JUnitReportReporter -->
<testsuite hostname="NC2LW11NK3" failures="0" tests="1" name="testCases.TC_005_AddToCart" time="3.485" errors="0" timestamp="2025-01-06T13:40:25 IST" skipped="0">
  <testcase classname="testCases.TC_005_AddToCart" name="verify_login" time="3.485"/>
</testsuite> <!-- testCases.TC_005_AddToCart -->
